app/build/outputs/logs/manifest-merger-debug-report.txt
-- Merging decision tree log ---
manifest
ADDED from src/main/AndroidManifest.xml:2:1-274:12
INJECTED from src/main/AndroidManifest.xml:2:1-274:12
INJECTED from src/main/AndroidManifest.xml:2:1-274:12
INJECTED from src/main/AndroidManifest.xml:2:1-274:12
MERGED from [com.facebook.stetho:stetho:1.5.1] AndroidManifest.xml:2:1-13:12
MERGED from [com.squareup.leakcanary:leakcanary-android:1.6.1] AndroidManifest.xml:17:1-72:12
MERGED from [androidx.multidex:multidex:2.0.0] AndroidManifest.xml:17:1-22:12
MERGED from [:library] AndroidManifest.xml:2:1-17:12
MERGED from [:iconlib] AndroidManifest.xml:2:1-11:12
MERGED from [:apt_api] AndroidManifest.xml:2:1-11:12
MERGED from [androidx.room:room-rxjava2:2.0.0] AndroidManifest.xml:17:1-22:12
MERGED from [android.arch.work:work-runtime:1.0.1] AndroidManifest.xml:17:1-123:12
MERGED from [androidx.room:room-runtime:2.0.0] AndroidManifest.xml:17:1-22:12
MERGED from [androidx.lifecycle:lifecycle-extensions:2.0.0] AndroidManifest.xml:17:1-25:12
MERGED from [androidx.paging:paging-runtime:2.0.0] AndroidManifest.xml:17:1-22:12
MERGED from [com.github.PhilJay:MPAndroidChart:v3.1.0] AndroidManifest.xml:2:1-20:12
MERGED from [com.androidadvance:topsnackbar:1.1.1] AndroidManifest.xml:2:1-11:12
MERGED from [com.google.android.material:material:1.0.0] AndroidManifest.xml:17:1-24:12
MERGED from [com.github.yalantis:ucrop:2.2.1] AndroidManifest.xml:2:1-12:12
MERGED from [com.trello.rxlifecycle3:rxlifecycle-components:3.0.0] AndroidManifest.xml:13:1-18:12
MERGED from [com.google.dagger:dagger-android-support:2.17] AndroidManifest.xml:17:1-22:12
MERGED from [com.irozon.sneaker:sneaker:1.0.3] AndroidManifest.xml:2:1-17:12
MERGED from [androidx.constraintlayout:constraintlayout:2.0.0-beta3] AndroidManifest.xml:2:1-11:12
MERGED from [androidx.appcompat:appcompat:1.2.0-alpha01] AndroidManifest.xml:17:1-24:12
MERGED from [androidx.recyclerview:recyclerview:1.0.0] AndroidManifest.xml:17:1-22:12
MERGED from [com.orhanobut:logger:2.2.0] AndroidManifest.xml:2:1-8:12
MERGED from [com.jakewharton.rxbinding2:rxbinding:2.1.1] AndroidManifest.xml:2:1-8:12
MERGED from [com.trello.rxlifecycle3:rxlifecycle-android:3.0.0] AndroidManifest.xml:13:1-18:12
MERGED from [com.google.dagger:dagger-android:2.17] AndroidManifest.xml:17:1-22:12
MERGED from [com.github.bumptech.glide:glide:4.8.0] AndroidManifest.xml:2:1-12:12
MERGED from [io.reactivex.rxjava2:rxandroid:2.1.0] AndroidManifest.xml:15:1-20:12
MERGED from [com.jakewharton:butterknife:10.1.0] AndroidManifest.xml:2:1-7:12
MERGED from [androidx.legacy:legacy-support-core-ui:1.0.0] AndroidManifest.xml:17:1-22:12
MERGED from [androidx.legacy:legacy-support-core-utils:1.0.0] AndroidManifest.xml:17:1-22:12
MERGED from [androidx.sqlite:sqlite-framework:2.0.0] AndroidManifest.xml:17:1-22:12
MERGED from [androidx.sqlite:sqlite:2.0.0] AndroidManifest.xml:17:1-22:12
MERGED from [androidx.fragment:fragment:1.1.0] AndroidManifest.xml:17:1-24:12
MERGED from [androidx.loader:loader:1.0.0] AndroidManifest.xml:17:1-22:12
MERGED from [androidx.lifecycle:lifecycle-livedata:2.0.0] AndroidManifest.xml:17:1-22:12
MERGED from [androidx.lifecycle:lifecycle-livedata-core:2.0.0] AndroidManifest.xml:17:1-22:12
MERGED from [androidx.arch.core:core-runtime:2.0.0] AndroidManifest.xml:17:1-22:12
MERGED from [androidx.appcompat:appcompat-resources:1.2.0-alpha01] AndroidManifest.xml:17:1-24:12
MERGED from [androidx.drawerlayout:drawerlayout:1.0.0] AndroidManifest.xml:17:1-22:12
MERGED from [androidx.transition:transition:1.0.0] AndroidManifest.xml:17:1-22:12
MERGED from [com.jakewharton:butterknife-runtime:10.1.0] AndroidManifest.xml:2:1-7:12
MERGED from [androidx.viewpager:viewpager:1.0.0] AndroidManifest.xml:17:1-22:12
MERGED from [androidx.activity:activity:1.0.0] AndroidManifest.xml:17:1-24:12
MERGED from [androidx.vectordrawable:vectordrawable-animated:1.1.0] AndroidManifest.xml:17:1-24:12
MERGED from [androidx.vectordrawable:vectordrawable:1.1.0] AndroidManifest.xml:17:1-24:12
MERGED from [androidx.coordinatorlayout:coordinatorlayout:1.0.0] AndroidManifest.xml:17:1-22:12
MERGED from [androidx.slidingpanelayout:slidingpanelayout:1.0.0] AndroidManifest.xml:17:1-22:12
MERGED from [androidx.customview:customview:1.0.0] AndroidManifest.xml:17:1-22:12
MERGED from [androidx.swiperefreshlayout:swiperefreshlayout:1.0.0] AndroidManifest.xml:17:1-22:12
MERGED from [androidx.asynclayoutinflater:asynclayoutinflater:1.0.0] AndroidManifest.xml:17:1-22:12
MERGED from [androidx.core:core:1.1.0] AndroidManifest.xml:17:1-26:12
MERGED from [androidx.cursoradapter:cursoradapter:1.0.0] AndroidManifest.xml:17:1-22:12
MERGED from [androidx.cardview:cardview:1.0.0] AndroidManifest.xml:17:1-22:12
MERGED from [com.github.bumptech.glide:gifdecoder:4.8.0] AndroidManifest.xml:2:1-11:12
MERGED from [androidx.documentfile:documentfile:1.0.0] AndroidManifest.xml:17:1-22:12
MERGED from [androidx.localbroadcastmanager:localbroadcastmanager:1.0.0] AndroidManifest.xml:17:1-22:12
MERGED from [androidx.print:print:1.0.0] AndroidManifest.xml:17:1-22:12
MERGED from [androidx.versionedparcelable:versionedparcelable:1.1.0] AndroidManifest.xml:17:1-27:12
MERGED from [androidx.interpolator:interpolator:1.0.0] AndroidManifest.xml:17:1-22:12
MERGED from [androidx.lifecycle:lifecycle-process:2.0.0] AndroidManifest.xml:17:1-30:12
MERGED from [androidx.lifecycle:lifecycle-service:2.0.0] AndroidManifest.xml:17:1-22:12
MERGED from [androidx.lifecycle:lifecycle-runtime:2.1.0] AndroidManifest.xml:17:1-22:12
MERGED from [androidx.lifecycle:lifecycle-viewmodel:2.1.0] AndroidManifest.xml:17:1-22:12
MERGED from [androidx.savedstate:savedstate:1.0.0] AndroidManifest.xml:17:1-24:12
MERGED from [com.squareup.leakcanary:leakcanary-analyzer:1.6.1] AndroidManifest.xml:17:1-24:12
INJECTED from src/main/AndroidManifest.xml:2:1-274:12
INJECTED from src/main/AndroidManifest.xml:2:1-274:12
INJECTED from src/main/AndroidManifest.xml:2:1-274:12
	package
		ADDED from src/main/AndroidManifest.xml:4:5-48
		INJECTED from src/main/AndroidManifest.xml
		INJECTED from src/main/AndroidManifest.xml
	android:versionName
		INJECTED from src/main/AndroidManifest.xml
		ADDED from src/main/AndroidManifest.xml:2:1-274:12
		INJECTED from src/main/AndroidManifest.xml
	xmlns:tools
		ADDED from src/main/AndroidManifest.xml:3:5-51
	android:versionCode
		INJECTED from src/main/AndroidManifest.xml
		ADDED from src/main/AndroidManifest.xml:2:1-274:12
		INJECTED from src/main/AndroidManifest.xml
	xmlns:android
		ADDED from src/main/AndroidManifest.xml:2:11-69
uses-permission#android.permission.CALL_PHONE
ADDED from src/main/AndroidManifest.xml:6:5-69
	android:name
		ADDED from src/main/AndroidManifest.xml:6:22-66
uses-permission#android.permission.INTERNET
ADDED from src/main/AndroidManifest.xml:7:5-67
	android:name
		ADDED from src/main/AndroidManifest.xml:7:22-64
uses-permission#com.android.launcher.permission.READ_SETTINGS
ADDED from src/main/AndroidManifest.xml:8:5-85
	android:name
		ADDED from src/main/AndroidManifest.xml:8:22-82
uses-permission#android.permission.ACCESS_COARSE_LOCATION
ADDED from src/main/AndroidManifest.xml:9:5-81
	android:name
		ADDED from src/main/AndroidManifest.xml:9:22-78
uses-permission#android.permission.ACCESS_FINE_LOCATION
ADDED from src/main/AndroidManifest.xml:10:5-79
	android:name
		ADDED from src/main/AndroidManifest.xml:10:22-76
uses-permission#android.permission.ACCESS_WIFI_STATE
ADDED from src/main/AndroidManifest.xml:11:5-76
	android:name
		ADDED from src/main/AndroidManifest.xml:11:22-73
uses-permission#android.permission.ACCESS_NETWORK_STATE
ADDED from src/main/AndroidManifest.xml:12:5-79
MERGED from [android.arch.work:work-runtime:1.0.1] AndroidManifest.xml:24:5-79
MERGED from [android.arch.work:work-runtime:1.0.1] AndroidManifest.xml:24:5-79
	android:name
		ADDED from src/main/AndroidManifest.xml:12:22-76
uses-permission#android.permission.READ_PHONE_STATE
ADDED from src/main/AndroidManifest.xml:13:5-75
	android:name
		ADDED from src/main/AndroidManifest.xml:13:22-72
uses-permission#android.permission.WAKE_LOCK
ADDED from src/main/AndroidManifest.xml:14:5-68
MERGED from [android.arch.work:work-runtime:1.0.1] AndroidManifest.xml:23:5-68
MERGED from [android.arch.work:work-runtime:1.0.1] AndroidManifest.xml:23:5-68
	android:name
		ADDED from src/main/AndroidManifest.xml:14:22-65
uses-permission#android.permission.CHANGE_WIFI_STATE
ADDED from src/main/AndroidManifest.xml:15:5-76
	android:name
		ADDED from src/main/AndroidManifest.xml:15:22-73
uses-permission#android.permission.READ_EXTERNAL_STORAGE
ADDED from src/main/AndroidManifest.xml:16:5-80
MERGED from [com.squareup.leakcanary:leakcanary-android:1.6.1] AndroidManifest.xml:23:5-80
MERGED from [com.squareup.leakcanary:leakcanary-android:1.6.1] AndroidManifest.xml:23:5-80
	android:name
		ADDED from src/main/AndroidManifest.xml:16:22-77
uses-permission#android.permission.WRITE_EXTERNAL_STORAGE
ADDED from src/main/AndroidManifest.xml:17:5-19:11
MERGED from [com.squareup.leakcanary:leakcanary-android:1.6.1] AndroidManifest.xml:24:5-81
MERGED from [com.squareup.leakcanary:leakcanary-android:1.6.1] AndroidManifest.xml:24:5-81
	tools:node
		ADDED from src/main/AndroidManifest.xml:18:9-27
	android:name
		ADDED from src/main/AndroidManifest.xml:17:22-78
uses-permission#com.android.launcher.permission.INSTALL_SHORTCUT
ADDED from src/main/AndroidManifest.xml:20:5-88
	android:name
		ADDED from src/main/AndroidManifest.xml:20:22-85
uses-permission#android.permission.MOUNT_UNMOUNT_FILESYSTEMS
ADDED from src/main/AndroidManifest.xml:21:5-23:47
	tools:ignore
		ADDED from src/main/AndroidManifest.xml:23:9-44
	android:name
		ADDED from src/main/AndroidManifest.xml:22:9-68
application
ADDED from src/main/AndroidManifest.xml:26:5-272:19
MERGED from [com.facebook.stetho:stetho:1.5.1] AndroidManifest.xml:11:5-20
MERGED from [com.facebook.stetho:stetho:1.5.1] AndroidManifest.xml:11:5-20
MERGED from [com.squareup.leakcanary:leakcanary-android:1.6.1] AndroidManifest.xml:26:5-70:19
MERGED from [com.squareup.leakcanary:leakcanary-android:1.6.1] AndroidManifest.xml:26:5-70:19
MERGED from [:library] AndroidManifest.xml:11:5-15:19
MERGED from [:library] AndroidManifest.xml:11:5-15:19
MERGED from [android.arch.work:work-runtime:1.0.1] AndroidManifest.xml:27:5-121:19
MERGED from [android.arch.work:work-runtime:1.0.1] AndroidManifest.xml:27:5-121:19
MERGED from [androidx.lifecycle:lifecycle-extensions:2.0.0] AndroidManifest.xml:22:5-23:19
MERGED from [androidx.lifecycle:lifecycle-extensions:2.0.0] AndroidManifest.xml:22:5-23:19
MERGED from [com.google.android.material:material:1.0.0] AndroidManifest.xml:22:5-20
MERGED from [com.google.android.material:material:1.0.0] AndroidManifest.xml:22:5-20
MERGED from [com.irozon.sneaker:sneaker:1.0.3] AndroidManifest.xml:11:5-15:19
MERGED from [com.irozon.sneaker:sneaker:1.0.3] AndroidManifest.xml:11:5-15:19
MERGED from [androidx.constraintlayout:constraintlayout:2.0.0-beta3] AndroidManifest.xml:9:5-20
MERGED from [androidx.constraintlayout:constraintlayout:2.0.0-beta3] AndroidManifest.xml:9:5-20
MERGED from [com.github.bumptech.glide:glide:4.8.0] AndroidManifest.xml:10:5-20
MERGED from [com.github.bumptech.glide:glide:4.8.0] AndroidManifest.xml:10:5-20
MERGED from [androidx.core:core:1.1.0] AndroidManifest.xml:24:5-89
MERGED from [androidx.core:core:1.1.0] AndroidManifest.xml:24:5-89
MERGED from [com.github.bumptech.glide:gifdecoder:4.8.0] AndroidManifest.xml:9:5-20
MERGED from [com.github.bumptech.glide:gifdecoder:4.8.0] AndroidManifest.xml:9:5-20
MERGED from [androidx.versionedparcelable:versionedparcelable:1.1.0] AndroidManifest.xml:24:5-25:19
MERGED from [androidx.versionedparcelable:versionedparcelable:1.1.0] AndroidManifest.xml:24:5-25:19
MERGED from [androidx.lifecycle:lifecycle-process:2.0.0] AndroidManifest.xml:22:5-28:19
MERGED from [androidx.lifecycle:lifecycle-process:2.0.0] AndroidManifest.xml:22:5-28:19
MERGED from [com.squareup.leakcanary:leakcanary-analyzer:1.6.1] AndroidManifest.xml:22:5-20
MERGED from [com.squareup.leakcanary:leakcanary-analyzer:1.6.1] AndroidManifest.xml:22:5-20
	android:supportsRtl
		ADDED from src/main/AndroidManifest.xml:32:9-35
	android:label
		ADDED from src/main/AndroidManifest.xml:31:9-41
	android:appComponentFactory
		ADDED from src/main/AndroidManifest.xml:29:9-53
		REJECTED from [androidx.core:core:1.1.0] AndroidManifest.xml:24:18-86
	android:icon
		ADDED from src/main/AndroidManifest.xml:30:9-43
	android:allowBackup
		ADDED from src/main/AndroidManifest.xml:28:9-35
	android:theme
		ADDED from src/main/AndroidManifest.xml:33:9-40
	tools:replace
		ADDED from src/main/AndroidManifest.xml:34:9-52
	android:name
		ADDED from src/main/AndroidManifest.xml:27:9-40
activity#com.example.user.fragmentbacktask.CustomTouchEventActivity
ADDED from src/main/AndroidManifest.xml:35:9-71
	android:name
		ADDED from src/main/AndroidManifest.xml:35:19-59
activity#com.example.user.fragmentbacktask.fragment.IndexPositionActivity
ADDED from src/main/AndroidManifest.xml:36:9-68
	android:name
		ADDED from src/main/AndroidManifest.xml:36:19-65
activity#com.example.user.fragmentbacktask.chart.ChartActivity
ADDED from src/main/AndroidManifest.xml:37:9-57
	android:name
		ADDED from src/main/AndroidManifest.xml:37:19-54
activity#com.example.user.fragmentbacktask.viewmodel.LocalServiceActivity
ADDED from src/main/AndroidManifest.xml:38:9-68
	android:name
		ADDED from src/main/AndroidManifest.xml:38:19-65
activity#com.example.user.fragmentbacktask.viewmodel.LiveDataActivity
ADDED from src/main/AndroidManifest.xml:39:9-64
	android:name
		ADDED from src/main/AndroidManifest.xml:39:19-61
activity#com.example.user.fragmentbacktask.kotlin.view.NewTestActivity
ADDED from src/main/AndroidManifest.xml:40:9-65
	android:name
		ADDED from src/main/AndroidManifest.xml:40:19-62
service#com.example.user.fragmentbacktask.viewmodel.LocalService
ADDED from src/main/AndroidManifest.xml:42:9-49:19
	android:enabled
		ADDED from src/main/AndroidManifest.xml:44:13-35
	android:exported
		ADDED from src/main/AndroidManifest.xml:45:13-37
	android:name
		ADDED from src/main/AndroidManifest.xml:43:13-51
intent-filter#action:name:com.test.servicelib.LocalService
ADDED from src/main/AndroidManifest.xml:46:13-48:29
action#com.test.servicelib.LocalService
ADDED from src/main/AndroidManifest.xml:47:17-75
	android:name
		ADDED from src/main/AndroidManifest.xml:47:25-72
service#com.example.user.fragmentbacktask.messager.RemoteService
ADDED from src/main/AndroidManifest.xml:51:9-58:19
	android:process
		ADDED from src/main/AndroidManifest.xml:52:13-38
	android:enabled
		ADDED from src/main/AndroidManifest.xml:53:13-35
	android:exported
		ADDED from src/main/AndroidManifest.xml:54:13-37
	android:name
		ADDED from src/main/AndroidManifest.xml:51:18-56
intent-filter#action:name:com.example.messager.RemoteService
ADDED from src/main/AndroidManifest.xml:55:13-57:29
action#com.example.messager.RemoteService
ADDED from src/main/AndroidManifest.xml:56:17-77
	android:name
		ADDED from src/main/AndroidManifest.xml:56:25-74
meta-data#com.baidu.lbsapi.API_KEY
ADDED from src/main/AndroidManifest.xml:60:9-62:64
	android:value
		ADDED from src/main/AndroidManifest.xml:62:13-61
	android:name
		ADDED from src/main/AndroidManifest.xml:61:13-52
service#com.baidu.location.f
ADDED from src/main/AndroidManifest.xml:63:9-66:41
	android:process
		ADDED from src/main/AndroidManifest.xml:66:13-38
	android:enabled
		ADDED from src/main/AndroidManifest.xml:65:13-35
	android:name
		ADDED from src/main/AndroidManifest.xml:64:13-48
activity#com.example.user.fragmentbacktask.MainActivity
ADDED from src/main/AndroidManifest.xml:68:9-75:20
	android:name
		ADDED from src/main/AndroidManifest.xml:68:19-47
intent-filter#action:name:android.intent.action.MAIN+action:name:com.example.testapp+category:name:android.intent.category.LAUNCHER
ADDED from src/main/AndroidManifest.xml:69:13-74:29
action#android.intent.action.MAIN
ADDED from src/main/AndroidManifest.xml:70:17-69
	android:name
		ADDED from src/main/AndroidManifest.xml:70:25-66
action#com.example.testapp
ADDED from src/main/AndroidManifest.xml:71:17-62
	android:name
		ADDED from src/main/AndroidManifest.xml:71:25-59
category#android.intent.category.LAUNCHER
ADDED from src/main/AndroidManifest.xml:73:17-77
	android:name
		ADDED from src/main/AndroidManifest.xml:73:27-74
activity#com.example.user.fragmentbacktask.activity.ContentActivity
ADDED from src/main/AndroidManifest.xml:76:9-92:20
	android:screenOrientation
		ADDED from src/main/AndroidManifest.xml:80:13-49
	android:configChanges
		ADDED from src/main/AndroidManifest.xml:79:13-63
	android:alwaysRetainTaskState
		ADDED from src/main/AndroidManifest.xml:78:13-49
	android:name
		ADDED from src/main/AndroidManifest.xml:77:13-53
intent-filter#action:name:android.intent.action.VIEW+category:name:android.intent.category.BROWSABLE+category:name:android.intent.category.DEFAULT+data:host:www.example.com+data:pathPrefix:/gizmos+data:scheme:http
ADDED from src/main/AndroidManifest.xml:81:13-91:29
action#android.intent.action.VIEW
ADDED from src/main/AndroidManifest.xml:82:17-69
	android:name
		ADDED from src/main/AndroidManifest.xml:82:25-66
category#android.intent.category.DEFAULT
ADDED from src/main/AndroidManifest.xml:84:17-76
	android:name
		ADDED from src/main/AndroidManifest.xml:84:27-73
category#android.intent.category.BROWSABLE
ADDED from src/main/AndroidManifest.xml:85:17-78
	android:name
		ADDED from src/main/AndroidManifest.xml:85:27-75
data
ADDED from src/main/AndroidManifest.xml:87:17-90:45
	android:host
		ADDED from src/main/AndroidManifest.xml:88:21-51
	android:scheme
		ADDED from src/main/AndroidManifest.xml:90:21-42
	android:pathPrefix
		ADDED from src/main/AndroidManifest.xml:89:21-49
activity#com.example.user.fragmentbacktask.activity.SwipeListActivity
ADDED from src/main/AndroidManifest.xml:93:9-97:52
	android:screenOrientation
		ADDED from src/main/AndroidManifest.xml:97:13-49
	android:configChanges
		ADDED from src/main/AndroidManifest.xml:96:13-63
	android:alwaysRetainTaskState
		ADDED from src/main/AndroidManifest.xml:95:13-49
	android:name
		ADDED from src/main/AndroidManifest.xml:94:13-55
activity#com.example.user.fragmentbacktask.activity.TabLayoutActivity
ADDED from src/main/AndroidManifest.xml:98:9-102:52
	android:screenOrientation
		ADDED from src/main/AndroidManifest.xml:102:13-49
	android:configChanges
		ADDED from src/main/AndroidManifest.xml:101:13-63
	android:alwaysRetainTaskState
		ADDED from src/main/AndroidManifest.xml:100:13-49
	android:name
		ADDED from src/main/AndroidManifest.xml:99:13-55
activity#com.example.user.fragmentbacktask.activity.PictureAlbumActivity
ADDED from src/main/AndroidManifest.xml:103:9-107:52
	android:screenOrientation
		ADDED from src/main/AndroidManifest.xml:107:13-49
	android:configChanges
		ADDED from src/main/AndroidManifest.xml:106:13-63
	android:alwaysRetainTaskState
		ADDED from src/main/AndroidManifest.xml:105:13-49
	android:name
		ADDED from src/main/AndroidManifest.xml:104:13-58
activity#com.example.user.fragmentbacktask.activity.FlowActivity
ADDED from src/main/AndroidManifest.xml:108:9-112:52
	android:screenOrientation
		ADDED from src/main/AndroidManifest.xml:112:13-49
	android:configChanges
		ADDED from src/main/AndroidManifest.xml:111:13-63
	android:alwaysRetainTaskState
		ADDED from src/main/AndroidManifest.xml:110:13-49
	android:name
		ADDED from src/main/AndroidManifest.xml:109:13-50
activity#com.example.user.fragmentbacktask.activity.VideoPlayerActivity
ADDED from src/main/AndroidManifest.xml:113:9-117:52
	android:screenOrientation
		ADDED from src/main/AndroidManifest.xml:117:13-49
	android:configChanges
		ADDED from src/main/AndroidManifest.xml:116:13-63
	android:alwaysRetainTaskState
		ADDED from src/main/AndroidManifest.xml:115:13-49
	android:name
		ADDED from src/main/AndroidManifest.xml:114:13-57
activity#com.example.user.fragmentbacktask.activity.viewactivity.ScrollContainerActivity
ADDED from src/main/AndroidManifest.xml:118:9-122:52
	android:screenOrientation
		ADDED from src/main/AndroidManifest.xml:122:13-49
	android:configChanges
		ADDED from src/main/AndroidManifest.xml:121:13-63
	android:alwaysRetainTaskState
		ADDED from src/main/AndroidManifest.xml:120:13-49
	android:name
		ADDED from src/main/AndroidManifest.xml:119:13-74
activity#com.example.user.fragmentbacktask.activity.CustomViewActivity
ADDED from src/main/AndroidManifest.xml:123:9-127:52
	android:screenOrientation
		ADDED from src/main/AndroidManifest.xml:127:13-49
	android:configChanges
		ADDED from src/main/AndroidManifest.xml:126:13-63
	android:alwaysRetainTaskState
		ADDED from src/main/AndroidManifest.xml:125:13-49
	android:name
		ADDED from src/main/AndroidManifest.xml:124:13-56
activity#com.example.user.fragmentbacktask.activity.viewactivity.ListRefreshActivity
ADDED from src/main/AndroidManifest.xml:128:9-132:52
	android:screenOrientation
		ADDED from src/main/AndroidManifest.xml:132:13-49
	android:configChanges
		ADDED from src/main/AndroidManifest.xml:131:13-63
	android:alwaysRetainTaskState
		ADDED from src/main/AndroidManifest.xml:130:13-49
	android:name
		ADDED from src/main/AndroidManifest.xml:129:13-70
activity#com.example.user.fragmentbacktask.activity.TestAnimaActivity
ADDED from src/main/AndroidManifest.xml:133:9-137:52
	android:screenOrientation
		ADDED from src/main/AndroidManifest.xml:137:13-49
	android:configChanges
		ADDED from src/main/AndroidManifest.xml:136:13-63
	android:alwaysRetainTaskState
		ADDED from src/main/AndroidManifest.xml:135:13-49
	android:name
		ADDED from src/main/AndroidManifest.xml:134:13-55
activity#com.example.user.fragmentbacktask.activity.TestGlideActivity
ADDED from src/main/AndroidManifest.xml:138:9-142:52
	android:screenOrientation
		ADDED from src/main/AndroidManifest.xml:142:13-49
	android:configChanges
		ADDED from src/main/AndroidManifest.xml:141:13-63
	android:alwaysRetainTaskState
		ADDED from src/main/AndroidManifest.xml:140:13-49
	android:name
		ADDED from src/main/AndroidManifest.xml:139:13-55
activity#com.example.user.fragmentbacktask.activity.TestFlowActivity
ADDED from src/main/AndroidManifest.xml:143:9-147:52
	android:screenOrientation
		ADDED from src/main/AndroidManifest.xml:147:13-49
	android:configChanges
		ADDED from src/main/AndroidManifest.xml:146:13-63
	android:alwaysRetainTaskState
		ADDED from src/main/AndroidManifest.xml:145:13-49
	android:name
		ADDED from src/main/AndroidManifest.xml:144:13-54
activity#com.example.user.fragmentbacktask.activity.RecycleViewActivity
ADDED from src/main/AndroidManifest.xml:148:9-152:52
	android:screenOrientation
		ADDED from src/main/AndroidManifest.xml:152:13-49
	android:configChanges
		ADDED from src/main/AndroidManifest.xml:151:13-63
	android:alwaysRetainTaskState
		ADDED from src/main/AndroidManifest.xml:150:13-49
	android:name
		ADDED from src/main/AndroidManifest.xml:149:13-57
activity#com.example.user.fragmentbacktask.BaseNewActivity
ADDED from src/main/AndroidManifest.xml:153:9-158:58
	android:screenOrientation
		ADDED from src/main/AndroidManifest.xml:156:13-49
	android:windowSoftInputMode
		ADDED from src/main/AndroidManifest.xml:158:13-55
	android:configChanges
		ADDED from src/main/AndroidManifest.xml:155:13-63
	android:theme
		ADDED from src/main/AndroidManifest.xml:157:13-72
	android:name
		ADDED from src/main/AndroidManifest.xml:154:13-44
activity#com.example.user.fragmentbacktask.activity.TestBitmapActivity
ADDED from src/main/AndroidManifest.xml:159:9-163:52
	android:screenOrientation
		ADDED from src/main/AndroidManifest.xml:163:13-49
	android:configChanges
		ADDED from src/main/AndroidManifest.xml:162:13-63
	android:alwaysRetainTaskState
		ADDED from src/main/AndroidManifest.xml:161:13-49
	android:name
		ADDED from src/main/AndroidManifest.xml:160:13-56
activity#com.example.user.fragmentbacktask.activity.viewactivity.NavLayoutActivity
ADDED from src/main/AndroidManifest.xml:164:9-168:52
	android:screenOrientation
		ADDED from src/main/AndroidManifest.xml:168:13-49
	android:configChanges
		ADDED from src/main/AndroidManifest.xml:167:13-63
	android:alwaysRetainTaskState
		ADDED from src/main/AndroidManifest.xml:166:13-49
	android:name
		ADDED from src/main/AndroidManifest.xml:165:13-68
activity#com.example.user.fragmentbacktask.activity.BounceNavLayoutActivity
ADDED from src/main/AndroidManifest.xml:169:9-173:52
	android:screenOrientation
		ADDED from src/main/AndroidManifest.xml:173:13-49
	android:configChanges
		ADDED from src/main/AndroidManifest.xml:172:13-63
	android:alwaysRetainTaskState
		ADDED from src/main/AndroidManifest.xml:171:13-49
	android:name
		ADDED from src/main/AndroidManifest.xml:170:13-61
activity#com.example.user.fragmentbacktask.activity.viewactivity.TestDrawActivity
ADDED from src/main/AndroidManifest.xml:174:9-178:52
	android:screenOrientation
		ADDED from src/main/AndroidManifest.xml:178:13-49
	android:configChanges
		ADDED from src/main/AndroidManifest.xml:177:13-63
	android:alwaysRetainTaskState
		ADDED from src/main/AndroidManifest.xml:176:13-49
	android:name
		ADDED from src/main/AndroidManifest.xml:175:13-67
activity#com.example.user.fragmentbacktask.activity.CustomAnimaActivity
ADDED from src/main/AndroidManifest.xml:179:9-183:52
	android:screenOrientation
		ADDED from src/main/AndroidManifest.xml:183:13-49
	android:configChanges
		ADDED from src/main/AndroidManifest.xml:182:13-63
	android:alwaysRetainTaskState
		ADDED from src/main/AndroidManifest.xml:181:13-49
	android:name
		ADDED from src/main/AndroidManifest.xml:180:13-57
activity#com.example.user.fragmentbacktask.activity.AnimaTextViewActivity
ADDED from src/main/AndroidManifest.xml:184:9-188:52
	android:screenOrientation
		ADDED from src/main/AndroidManifest.xml:188:13-49
	android:configChanges
		ADDED from src/main/AndroidManifest.xml:187:13-63
	android:alwaysRetainTaskState
		ADDED from src/main/AndroidManifest.xml:186:13-49
	android:name
		ADDED from src/main/AndroidManifest.xml:185:13-59
activity#com.example.user.fragmentbacktask.activity.BitmapRelatedActivity
ADDED from src/main/AndroidManifest.xml:189:9-193:52
	android:screenOrientation
		ADDED from src/main/AndroidManifest.xml:193:13-49
	android:configChanges
		ADDED from src/main/AndroidManifest.xml:192:13-63
	android:alwaysRetainTaskState
		ADDED from src/main/AndroidManifest.xml:191:13-49
	android:name
		ADDED from src/main/AndroidManifest.xml:190:13-59
activity#com.example.user.fragmentbacktask.BlurPictureActivity
ADDED from src/main/AndroidManifest.xml:194:9-198:52
	android:screenOrientation
		ADDED from src/main/AndroidManifest.xml:198:13-49
	android:configChanges
		ADDED from src/main/AndroidManifest.xml:197:13-63
	android:alwaysRetainTaskState
		ADDED from src/main/AndroidManifest.xml:196:13-49
	android:name
		ADDED from src/main/AndroidManifest.xml:195:13-48
activity#com.example.user.fragmentbacktask.activity.ChatInputBoardActivity
ADDED from src/main/AndroidManifest.xml:199:9-69
	android:name
		ADDED from src/main/AndroidManifest.xml:199:19-66
activity#com.example.user.fragmentbacktask.activity.map.BMapSearchActivity
ADDED from src/main/AndroidManifest.xml:200:9-202:70
	android:windowSoftInputMode
		ADDED from src/main/AndroidManifest.xml:202:13-67
	android:name
		ADDED from src/main/AndroidManifest.xml:201:13-60
activity#com.example.user.fragmentbacktask.activity.TestModeActivity
ADDED from src/main/AndroidManifest.xml:203:9-207:52
	android:screenOrientation
		ADDED from src/main/AndroidManifest.xml:207:13-49
	android:configChanges
		ADDED from src/main/AndroidManifest.xml:206:13-63
	android:alwaysRetainTaskState
		ADDED from src/main/AndroidManifest.xml:205:13-49
	android:name
		ADDED from src/main/AndroidManifest.xml:204:13-54
activity#com.example.user.fragmentbacktask.activity.map.BaiduMapStuActivity
ADDED from src/main/AndroidManifest.xml:208:9-212:52
	android:screenOrientation
		ADDED from src/main/AndroidManifest.xml:212:13-49
	android:configChanges
		ADDED from src/main/AndroidManifest.xml:211:13-63
	android:alwaysRetainTaskState
		ADDED from src/main/AndroidManifest.xml:210:13-49
	android:name
		ADDED from src/main/AndroidManifest.xml:209:13-61
activity#com.example.user.fragmentbacktask.activity.map.BMapRouteActivity
ADDED from src/main/AndroidManifest.xml:213:9-217:52
	android:screenOrientation
		ADDED from src/main/AndroidManifest.xml:217:13-49
	android:configChanges
		ADDED from src/main/AndroidManifest.xml:216:13-63
	android:alwaysRetainTaskState
		ADDED from src/main/AndroidManifest.xml:215:13-49
	android:name
		ADDED from src/main/AndroidManifest.xml:214:13-59
activity#com.example.user.fragmentbacktask.activity.LayoutOptActivity
ADDED from src/main/AndroidManifest.xml:218:9-222:52
	android:screenOrientation
		ADDED from src/main/AndroidManifest.xml:222:13-49
	android:configChanges
		ADDED from src/main/AndroidManifest.xml:221:13-63
	android:alwaysRetainTaskState
		ADDED from src/main/AndroidManifest.xml:220:13-49
	android:name
		ADDED from src/main/AndroidManifest.xml:219:13-55
activity#com.example.user.fragmentbacktask.activity.viewactivity.SlideActivity
ADDED from src/main/AndroidManifest.xml:223:9-227:52
	android:screenOrientation
		ADDED from src/main/AndroidManifest.xml:227:13-49
	android:configChanges
		ADDED from src/main/AndroidManifest.xml:226:13-63
	android:alwaysRetainTaskState
		ADDED from src/main/AndroidManifest.xml:225:13-49
	android:name
		ADDED from src/main/AndroidManifest.xml:224:13-64
activity#com.example.user.fragmentbacktask.activity.OkhttpActivity
ADDED from src/main/AndroidManifest.xml:228:9-232:52
	android:screenOrientation
		ADDED from src/main/AndroidManifest.xml:232:13-49
	android:configChanges
		ADDED from src/main/AndroidManifest.xml:231:13-63
	android:alwaysRetainTaskState
		ADDED from src/main/AndroidManifest.xml:230:13-49
	android:name
		ADDED from src/main/AndroidManifest.xml:229:13-52
activity#com.example.user.fragmentbacktask.activity.CustomTabLayoutActivity
ADDED from src/main/AndroidManifest.xml:233:9-237:52
	android:screenOrientation